<?xml version="1.0" encoding="UTF-8"?>
<testng-results ignored="0" total="3" passed="2" failed="1" skipped="0">
  <reporter-output>
  </reporter-output>
  <suite started-at="2020-01-29T16:29:54 PKT" name="Suite" finished-at="2020-01-29T16:31:38 PKT" duration-ms="103930">
    <groups>
    </groups>
    <test started-at="2020-01-29T16:29:54 PKT" name="Test" finished-at="2020-01-29T16:31:38 PKT" duration-ms="103930">
      <class name="Testcases.main">
        <test-method is-config="true" signature="initialsetup()[pri:0, instance:Testcases.main@2ea227af]" started-at="2020-01-29T16:29:54 PKT" name="initialsetup" finished-at="2020-01-29T16:30:00 PKT" duration-ms="5769" status="PASS">
          <reporter-output>
          </reporter-output>
        </test-method> <!-- initialsetup -->
        <test-method signature="hiturl(java.lang.String)[pri:1, instance:Testcases.main@2ea227af]" started-at="2020-01-29T16:30:00 PKT" name="hiturl" finished-at="2020-01-29T16:30:12 PKT" duration-ms="12469" status="PASS">
          <params>
            <param index="0">
              <value>
                <![CDATA[https://qa.admin.ticketlake.synavos.com/]]>
              </value>
            </param>
          </params>
          <reporter-output>
          </reporter-output>
        </test-method> <!-- hiturl -->
        <test-method signature="logintestcases()[pri:2, instance:Testcases.main@2ea227af]" started-at="2020-01-29T16:30:12 PKT" name="logintestcases" finished-at="2020-01-29T16:30:22 PKT" duration-ms="9282" status="PASS">
          <reporter-output>
          </reporter-output>
        </test-method> <!-- logintestcases -->
        <test-method signature="events()[pri:3, instance:Testcases.main@2ea227af]" started-at="2020-01-29T16:30:22 PKT" name="events" finished-at="2020-01-29T16:31:38 PKT" duration-ms="76270" status="FAIL">
          <exception class="org.openqa.selenium.NoSuchElementException">
            <message>
              <![CDATA[Cannot locate element with text: Synavos
For documentation on this error, please visit: https://www.seleniumhq.org/exceptions/no_such_element.html
Build info: version: '3.141.59', revision: 'e82be7d358', time: '2018-11-14T08:25:53'
System info: host: 'LAPTOP-AEJPPEKF', ip: '10.41.140.155', os.name: 'Windows 10', os.arch: 'amd64', os.version: '10.0', java.version: '13'
Driver info: driver.version: unknown]]>
            </message>
            <full-stacktrace>
              <![CDATA[org.openqa.selenium.NoSuchElementException: Cannot locate element with text: Synavos
For documentation on this error, please visit: https://www.seleniumhq.org/exceptions/no_such_element.html
Build info: version: '3.141.59', revision: 'e82be7d358', time: '2018-11-14T08:25:53'
System info: host: 'LAPTOP-AEJPPEKF', ip: '10.41.140.155', os.name: 'Windows 10', os.arch: 'amd64', os.version: '10.0', java.version: '13'
Driver info: driver.version: unknown
at org.openqa.selenium.support.ui.Select.selectByVisibleText(Select.java:147)
at Testcases.events_test.addevents(events_test.java:378)
at Testcases.main.events(main.java:64)
at java.base/jdk.internal.reflect.NativeMethodAccessorImpl.invoke0(Native Method)
at java.base/jdk.internal.reflect.NativeMethodAccessorImpl.invoke(NativeMethodAccessorImpl.java:62)
at java.base/jdk.internal.reflect.DelegatingMethodAccessorImpl.invoke(DelegatingMethodAccessorImpl.java:43)
at java.base/java.lang.reflect.Method.invoke(Method.java:567)
at org.testng.internal.MethodInvocationHelper.invokeMethod(MethodInvocationHelper.java:133)
at org.testng.internal.TestInvoker.invokeMethod(TestInvoker.java:584)
at org.testng.internal.TestInvoker.invokeTestMethod(TestInvoker.java:172)
at org.testng.internal.MethodRunner.runInSequence(MethodRunner.java:46)
at org.testng.internal.TestInvoker$MethodInvocationAgent.invoke(TestInvoker.java:804)
at org.testng.internal.TestInvoker.invokeTestMethods(TestInvoker.java:145)
at org.testng.internal.TestMethodWorker.invokeTestMethods(TestMethodWorker.java:146)
at org.testng.internal.TestMethodWorker.run(TestMethodWorker.java:128)
at java.base/java.util.ArrayList.forEach(ArrayList.java:1507)
at org.testng.TestRunner.privateRun(TestRunner.java:770)
at org.testng.TestRunner.run(TestRunner.java:591)
at org.testng.SuiteRunner.runTest(SuiteRunner.java:402)
at org.testng.SuiteRunner.runSequentially(SuiteRunner.java:396)
at org.testng.SuiteRunner.privateRun(SuiteRunner.java:355)
at org.testng.SuiteRunner.run(SuiteRunner.java:304)
at org.testng.SuiteRunnerWorker.runSuite(SuiteRunnerWorker.java:53)
at org.testng.SuiteRunnerWorker.run(SuiteRunnerWorker.java:96)
at org.testng.TestNG.runSuitesSequentially(TestNG.java:1180)
at org.testng.TestNG.runSuitesLocally(TestNG.java:1102)
at org.testng.TestNG.runSuites(TestNG.java:1032)
at org.testng.TestNG.run(TestNG.java:1000)
at org.testng.remote.AbstractRemoteTestNG.run(AbstractRemoteTestNG.java:115)
at org.testng.remote.RemoteTestNG.initAndRun(RemoteTestNG.java:251)
at org.testng.remote.RemoteTestNG.main(RemoteTestNG.java:77)
]]>
            </full-stacktrace>
          </exception> <!-- org.openqa.selenium.NoSuchElementException -->
          <reporter-output>
          </reporter-output>
        </test-method> <!-- events -->
      </class> <!-- Testcases.main -->
    </test> <!-- Test -->
  </suite> <!-- Suite -->
</testng-results>
